<?xml version="1.0" encoding="UTF-8"?>
<!-- Generated by org.testng.reporters.JUnitReportReporter -->
<testsuite hostname="shtripat-WX-1" name="cleartrip.LoginInvoke" tests="1" failures="0" timestamp="24 Feb 2017 11:31:59 GMT" time="8.539" errors="0">
  <testcase name="search" time="8.539" classname="cleartrip.LoginInvoke"/>
</testsuite> <!-- cleartrip.LoginInvoke -->
